[debug] [2023-12-27T09:37:40.575Z] ----------------------------------------------------------------------
[debug] [2023-12-27T09:37:40.579Z] Command:       C:\Program Files\nodejs\node.exe C:\Users\hp\AppData\Roaming\npm\node_modules\firebase-tools\lib\bin\firebase.js init
[debug] [2023-12-27T09:37:40.579Z] CLI Version:   13.0.2
[debug] [2023-12-27T09:37:40.580Z] Platform:      win32
[debug] [2023-12-27T09:37:40.580Z] Node Version:  v18.18.0
[debug] [2023-12-27T09:37:40.582Z] Time:          Wed Dec 27 2023 15:07:40 GMT+0530 (India Standard Time)
[debug] [2023-12-27T09:37:40.582Z] ----------------------------------------------------------------------
[debug] 
[debug] [2023-12-27T09:37:40.596Z] > command requires scopes: ["email","openid","https://www.googleapis.com/auth/cloudplatformprojects.readonly","https://www.googleapis.com/auth/firebase","https://www.googleapis.com/auth/cloud-platform"]
[debug] [2023-12-27T09:37:40.597Z] > authorizing via signed-in user (pathangyvivek@gmail.com)
[info] 
     ######## #### ########  ######## ########     ###     ######  ########
     ##        ##  ##     ## ##       ##     ##  ##   ##  ##       ##
     ######    ##  ########  ######   ########  #########  ######  ######
     ##        ##  ##    ##  ##       ##     ## ##     ##       ## ##
     ##       #### ##     ## ######## ########  ##     ##  ######  ########

You're about to initialize a Firebase project in this directory:

  E:\MERN portfolio\client

[info] 
=== Project Setup
[info] 
[info] First, let's associate this project directory with a Firebase project.
[info] You can create multiple project aliases by running firebase use --add, 
[info] but for now we'll just set up a default project.
[info] 
[debug] [2023-12-27T09:39:24.881Z] >>> [apiv2][query] GET https://firebase.googleapis.com/v1beta1/projects pageSize=100
[debug] [2023-12-27T09:39:26.466Z] <<< [apiv2][status] GET https://firebase.googleapis.com/v1beta1/projects 200
[debug] [2023-12-27T09:39:26.466Z] <<< [apiv2][body] GET https://firebase.googleapis.com/v1beta1/projects [omitted]
[info] i  Using project mern-portfolio-1 (MERN-portfolio) 
[info] 
=== Hosting Setup
[debug] [2023-12-27T09:39:28.302Z] >>> [apiv2][query] GET https://firebase.googleapis.com/v1beta1/projects/mern-portfolio-1 [none]
[debug] [2023-12-27T09:39:28.913Z] <<< [apiv2][status] GET https://firebase.googleapis.com/v1beta1/projects/mern-portfolio-1 200
[debug] [2023-12-27T09:39:28.914Z] <<< [apiv2][body] GET https://firebase.googleapis.com/v1beta1/projects/mern-portfolio-1 {"projectId":"mern-portfolio-1","projectNumber":"820681709621","displayName":"MERN-portfolio","name":"projects/mern-portfolio-1","resources":{"hostingSite":"mern-portfolio-1"},"state":"ACTIVE","etag":"1_e0b2ef71-13ee-4143-bd67-9bd656346996"}
[info] 
[info] Your public directory is the folder (relative to your project directory) that
[info] will contain Hosting assets to be uploaded with firebase deploy. If you
[info] have a build process for your assets, use your build's output directory.
[info] 
[debug] [2023-12-27T09:41:01.668Z] >>> [apiv2][query] GET https://www.gstatic.com/firebasejs/releases.json [none]
[debug] [2023-12-27T09:41:01.920Z] <<< [apiv2][status] GET https://www.gstatic.com/firebasejs/releases.json 200
[debug] [2023-12-27T09:41:01.920Z] <<< [apiv2][body] GET https://www.gstatic.com/firebasejs/releases.json {"current":{"version":"10.7.1","browserURL":"https://www.gstatic.com/firebasejs/10.7.1/firebase.js","packageURL":"https://www.gstatic.com/firebasejs/10.7.1/firebase.tgz"},"live":{"version":"10.7","browserURL":"https://www.gstatic.com/firebasejs/live/10.7/firebase.js","packageURL":"https://www.gstatic.com/firebasejs/live/10.7/firebase.tgz"},"components":{"analytics":"https://www.gstatic.com/firebasejs/10.7.1/firebase-analytics.js","app":"https://www.gstatic.com/firebasejs/10.7.1/firebase-app.js","app-check":"https://www.gstatic.com/firebasejs/10.7.1/firebase-app-check.js","auth":"https://www.gstatic.com/firebasejs/10.7.1/firebase-auth.js","auth/cordova":"https://www.gstatic.com/firebasejs/10.7.1/firebase-auth/cordova.js","functions":"https://www.gstatic.com/firebasejs/10.7.1/firebase-functions.js","firestore":"https://www.gstatic.com/firebasejs/10.7.1/firebase-firestore.js","firestore/lite":"https://www.gstatic.com/firebasejs/10.7.1/firebase-firestore/lite.js","installations":"https://www.gstatic.com/firebasejs/10.7.1/firebase-installations.js","storage":"https://www.gstatic.com/firebasejs/10.7.1/firebase-storage.js","performance":"https://www.gstatic.com/firebasejs/10.7.1/firebase-performance.js","remote-config":"https://www.gstatic.com/firebasejs/10.7.1/firebase-remote-config.js","messaging":"https://www.gstatic.com/firebasejs/10.7.1/firebase-messaging.js","messaging/sw":"https://www.gstatic.com/firebasejs/10.7.1/firebase-messaging/sw.js","database":"https://www.gstatic.com/firebasejs/10.7.1/firebase-database.js","firestore.memory":"https://www.gstatic.com/firebasejs/10.7.1/firebase-firestore.memory.js"}}
[info] +  Wrote client/index.html 
[info] 
[info] i  Detected a .git folder at E:\MERN portfolio\client 
[info] i  Authorizing with GitHub to upload your service account to a GitHub repository's secrets store. 
[info] 
[info] Visit this URL on this device to log in:
[info] https://github.com/login/oauth/authorize?client_id=89cf50f02ac6aaed3484&state=564767113&redirect_uri=http%3A%2F%2Flocalhost%3A9005&scope=read%3Auser%20repo%20public_repo
[info] 
[info] Waiting for authentication...
[debug] [2023-12-27T09:41:10.688Z] >>> [apiv2][query] POST https://github.com/login/oauth/access_token [none]
[debug] [2023-12-27T09:41:10.689Z] >>> [apiv2][body] POST https://github.com/login/oauth/access_token [stream]
[debug] [2023-12-27T09:41:11.090Z] <<< [apiv2][status] POST https://github.com/login/oauth/access_token 200
[debug] [2023-12-27T09:41:11.091Z] <<< [apiv2][body] POST https://github.com/login/oauth/access_token {"access_token":"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","token_type":"bearer","scope":"read:user,repo"}
[debug] [2023-12-27T09:41:11.110Z] >>> [apiv2][query] GET https://api.github.com/user [none]
[debug] [2023-12-27T09:41:11.555Z] <<< [apiv2][status] GET https://api.github.com/user 200
[debug] [2023-12-27T09:41:11.555Z] <<< [apiv2][body] GET https://api.github.com/user {"login":"Pathangy-vivek","id":127364244,"node_id":"U_kgDOB5dslA","avatar_url":"https://avatars.githubusercontent.com/u/127364244?v=4","gravatar_id":"","url":"https://api.github.com/users/Pathangy-vivek","html_url":"https://github.com/Pathangy-vivek","followers_url":"https://api.github.com/users/Pathangy-vivek/followers","following_url":"https://api.github.com/users/Pathangy-vivek/following{/other_user}","gists_url":"https://api.github.com/users/Pathangy-vivek/gists{/gist_id}","starred_url":"https://api.github.com/users/Pathangy-vivek/starred{/owner}{/repo}","subscriptions_url":"https://api.github.com/users/Pathangy-vivek/subscriptions","organizations_url":"https://api.github.com/users/Pathangy-vivek/orgs","repos_url":"https://api.github.com/users/Pathangy-vivek/repos","events_url":"https://api.github.com/users/Pathangy-vivek/events{/privacy}","received_events_url":"https://api.github.com/users/Pathangy-vivek/received_events","type":"User","site_admin":false,"name":null,"company":null,"blog":"","location":null,"email":null,"hireable":null,"bio":null,"twitter_username":null,"public_repos":7,"public_gists":0,"followers":0,"following":0,"created_at":"2023-03-09T01:36:15Z","updated_at":"2023-12-18T09:18:27Z","private_gists":0,"total_private_repos":0,"owned_private_repos":0,"disk_usage":14055,"collaborators":0,"two_factor_authentication":false,"plan":{"name":"free","space":976562499,"collaborators":0,"private_repos":10000}}
[info] 
[info] +  Success! Logged into GitHub as Pathangy-vivek 
[info] 
